{"time":"2020-11-01T21:10:08.314306401+09:00","level":"DEBUG","prefix":"echo","file":"login.go","line":"15","message":"BB"}
{"time":"2020-11-01T21:12:18.981606503+09:00","level":"DEBUG","prefix":"echo","file":"login.go","line":"9","message":"AAAAAAAA"}
{"time":"2020-11-01T21:12:20.794210337+09:00","level":"DEBUG","prefix":"echo","file":"login.go","line":"15","message":"BB"}
{"time":"2020-11-01T21:13:27.055678519+09:00","level":"DEBUG","prefix":"echo","file":"login.go","line":"9","message":"AAAAAAAA"}
{"time":"2020-11-01T21:13:28.983665467+09:00","level":"DEBUG","prefix":"echo","file":"login.go","line":"15","message":"BB"}
{"time":"2020-11-01T21:13:29.681948729+09:00","level":"DEBUG","prefix":"echo","file":"login.go","line":"15","message":"BB"}
{"time":"2020-11-01T21:13:30.170315605+09:00","level":"DEBUG","prefix":"echo","file":"login.go","line":"15","message":"BB"}
{"time":"2020-11-01T21:14:27.355264765+09:00","level":"DEBUG","prefix":"echo","file":"login.go","line":"15","message":"BB"}
{"time":"2020-11-01T21:14:28.229338293+09:00","level":"DEBUG","prefix":"echo","file":"login.go","line":"15","message":"BB"}
{"time":"2020-11-02T16:55:59.91403031+09:00","level":"DEBUG","prefix":"echo","file":"login.go","line":"11","message":"AAAAAAAA"}
{"time":"2020-11-02T16:56:32.237776361+09:00","level":"DEBUG","prefix":"echo","file":"login.go","line":"23","message":"BB"}
{"time":"2020-11-02T16:56:32.237863513+09:00","level":"DEBUG","prefix":"echo","file":"login.go","line":"29","message":""}
{"time":"2020-11-02T17:00:12.821590124+09:00","level":"DEBUG","prefix":"echo","file":"login.go","line":"23","message":"BB"}
{"time":"2020-11-02T17:00:12.822100434+09:00","level":"DEBUG","prefix":"echo","file":"login.go","line":"29","message":"sonoday@a.com"}
{"time":"2020-11-02T17:27:38.595744627+09:00","level":"DEBUG","prefix":"echo","file":"login.go","line":"15","message":"BB"}
{"time":"2020-11-02T17:30:02.300388899+09:00","level":"DEBUG","prefix":"echo","file":"login.go","line":"15","message":"BB"}
{"time":"2020-11-02T17:30:29.200090104+09:00","level":"DEBUG","prefix":"echo","file":"login.go","line":"10","message":"AAAAAAAA"}
{"time":"2020-11-02T17:30:30.725164645+09:00","level":"DEBUG","prefix":"echo","file":"login.go","line":"16","message":"BB"}
{"time":"2020-11-02T17:32:01.990456222+09:00","level":"DEBUG","prefix":"echo","file":"login.go","line":"16","message":"BB"}
{"time":"2020-11-02T17:39:44.676393956+09:00","level":"DEBUG","prefix":"echo","file":"login.go","line":"10","message":"AAAAAAAA"}
{"time":"2020-11-02T17:39:53.349633205+09:00","level":"DEBUG","prefix":"echo","file":"login.go","line":"16","message":"BB"}
{"time":"2020-11-02T17:39:53.350172519+09:00","level":"DEBUG","prefix":"echo","file":"login.go","line":"24","message":"Valid error"}
